Thu Mar 22 2018 13:00:25 GMT+0530 (IST): GET /about
Thu Mar 22 2018 13:00:34 GMT+0530 (IST): GET /
Thu Mar 22 2018 13:00:36 GMT+0530 (IST): GET /about
Thu Mar 22 2018 13:00:37 GMT+0530 (IST): GET /about
Thu Mar 22 2018 13:00:38 GMT+0530 (IST): GET /
Thu Mar 22 2018 13:00:39 GMT+0530 (IST): GET /about
Thu Mar 22 2018 13:00:39 GMT+0530 (IST): GET /
Thu Mar 22 2018 13:00:39 GMT+0530 (IST): GET /about
Thu Mar 22 2018 13:14:05 GMT+0530 (IST): GET /about
Thu Mar 22 2018 13:15:09 GMT+0530 (IST): GET /about
Thu Mar 22 2018 13:15:16 GMT+0530 (IST): GET /fgbj
Thu Mar 22 2018 13:15:21 GMT+0530 (IST): GET /fgyif
Thu Mar 22 2018 13:15:44 GMT+0530 (IST): GET /fgyif
Thu Mar 22 2018 13:15:47 GMT+0530 (IST): GET /fgyif
Thu Mar 22 2018 13:23:41 GMT+0530 (IST): GET /fgyif
Thu Mar 22 2018 13:23:41 GMT+0530 (IST): GET /uconstruction.jpg
Thu Mar 22 2018 13:23:43 GMT+0530 (IST): GET /fgyif
Thu Mar 22 2018 13:23:43 GMT+0530 (IST): GET /uconstruction.jpg
Thu Mar 22 2018 13:24:40 GMT+0530 (IST): GET /fgyif
Thu Mar 22 2018 13:24:40 GMT+0530 (IST): GET /uconstruction.jpg
Thu Mar 22 2018 13:26:05 GMT+0530 (IST): GET /fgyif
Thu Mar 22 2018 13:26:05 GMT+0530 (IST): GET /node-webApp/public
Thu Mar 22 2018 13:26:50 GMT+0530 (IST): GET /fgyif
Thu Mar 22 2018 13:26:50 GMT+0530 (IST): GET /node-webApp/public/uconstruction.jpg
Thu Mar 22 2018 13:26:52 GMT+0530 (IST): GET /fgyif
Thu Mar 22 2018 13:26:52 GMT+0530 (IST): GET /node-webApp/public/uconstruction.jpg
Thu Mar 22 2018 13:27:31 GMT+0530 (IST): GET /fgyif
Thu Mar 22 2018 13:27:31 GMT+0530 (IST): GET /node-webApp/public/uconstruction.jpg
Thu Mar 22 2018 13:28:17 GMT+0530 (IST): GET /fgyif
Thu Mar 22 2018 13:28:28 GMT+0530 (IST): GET /
Thu Mar 22 2018 13:29:49 GMT+0530 (IST): GET /
Thu Mar 22 2018 13:29:50 GMT+0530 (IST): GET /
Thu Mar 22 2018 13:29:51 GMT+0530 (IST): GET /about
Thu Mar 22 2018 13:29:53 GMT+0530 (IST): GET /
Thu Mar 22 2018 13:29:53 GMT+0530 (IST): GET /about
Thu Mar 22 2018 15:42:51 GMT+0530 (IST): GET /
Thu Mar 22 2018 15:42:53 GMT+0530 (IST): GET /about
Thu Mar 22 2018 15:42:57 GMT+0530 (IST): GET /
